<ns0:test-suite xmlns:ns0="urn:model.allure.qatools.yandex.ru" start="1617195498181" stop="1617195572225">
  <name>scripts</name>
  <labels/>
  <test-cases>
    <test-case start="1617195498181" status="failed" stop="1617195572225">
      <name>test_login.TestLogin.test_login[args0]</name>
      <failure>
        <message>TimeoutException: Message: 
</message>
        <stack-trace>self = &lt;scripts.test_login.TestLogin object at 0x0000025ACA6B4748&gt;
args = {'password': '123456', 'toast': None, 'username': 'ljh123'}

    @pytest.mark.parametrize("args", analyze_file("login_data.yaml", "test_login"))
    def test_login(self, args):
        username = args["username"]
        password = args["password"]
        toast = args["toast"]
        self.page.home.page_home_click_me()
        self.page.register.page_go_login()
        self.page.login.page_login_input_username(username)
        self.page.login.page_login_input_password(password)
        self.page.login.page_login()
        if toast is None:
&gt;           assert self.page.me.get_nick_name_text_view() == username, "登录用户名不一致"

scripts\test_login.py:30: 
_ _ _ _ _ _ _ _ _ _ _ _ _ _ _ _ _ _ _ _ _ _ _ _ _ _ _ _ _ _ _ _ _ _ _ _ _ _ _ _ _ _ _ _ _ _ _ _ _ _ _ _ _ _ _ _ _ _ _ _
page\page_me.py:8: in get_nick_name_text_view
    self.get_text(self.nick_name_text_view)
base\base_action.py:45: in get_text
    return self.find_element(feature, 15, 1).text
base\base_action.py:20: in find_element
    element = WebDriverWait(self.driver, timeout, poll).until(lambda x: x.find_element(feature_by, feature_value))
_ _ _ _ _ _ _ _ _ _ _ _ _ _ _ _ _ _ _ _ _ _ _ _ _ _ _ _ _ _ _ _ _ _ _ _ _ _ _ _ _ _ _ _ _ _ _ _ _ _ _ _ _ _ _ _ _ _ _ _

self = &lt;selenium.webdriver.support.wait.WebDriverWait (session="138a768d-bb6e-457f-853c-3101cda0a985")&gt;
method = &lt;function BaseAction.find_element.&lt;locals&gt;.&lt;lambda&gt; at 0x0000025AC8CB6AE8&gt;, message = ''

    def until(self, method, message=''):
        """Calls the method provided with the driver as an argument until the \
        return value is not False."""
        screen = None
        stacktrace = None
    
        end_time = time.time() + self._timeout
        while True:
            try:
                value = method(self._driver)
                if value:
                    return value
            except self._ignored_exceptions as exc:
                screen = getattr(exc, 'screen', None)
                stacktrace = getattr(exc, 'stacktrace', None)
            time.sleep(self._poll)
            if time.time() &gt; end_time:
                break
&gt;       raise TimeoutException(message, screen, stacktrace)
E       selenium.common.exceptions.TimeoutException: Message:

c:\users\18705\appdata\local\programs\python\python36\lib\site-packages\selenium\webdriver\support\wait.py:80: TimeoutException</stack-trace>
      </failure>
      <attachments/>
      <labels>
        <label name="severity" value="normal"/>
        <label name="thread" value="4576-MainThread"/>
        <label name="host" value="DESKTOP-Q3ONGA0"/>
        <label name="framework" value="pytest"/>
        <label name="language" value="cpython3"/>
      </labels>
      <steps/>
    </test-case>
  </test-cases>
</ns0:test-suite>
